0 info it worked if it ends with ok
1 verbose cli [ '/usr/bin/node',
1 verbose cli   '/usr/bin/npm',
1 verbose cli   'install',
1 verbose cli   '-g',
1 verbose cli   'generator-jhipster' ]
2 info using npm@3.5.2
3 info using node@v8.10.0
4 silly loadCurrentTree Starting
5 silly install loadCurrentTree
6 silly install readGlobalPackageData
7 silly fetchPackageMetaData generator-jhipster
8 silly fetchNamedPackageData generator-jhipster
9 silly mapToRegistry name generator-jhipster
10 silly mapToRegistry using default registry
11 silly mapToRegistry registry https://registry.npmjs.org/
12 silly mapToRegistry uri https://registry.npmjs.org/generator-jhipster
13 verbose request uri https://registry.npmjs.org/generator-jhipster
14 verbose request no auth needed
15 info attempt registry request try #1 at 15:24:56
16 verbose request id 8edb3d03158a1cfd
17 verbose etag W/"11a448db14d0283443cf50e2711d4a3e"
18 verbose lastModified Fri, 02 Apr 2021 14:38:54 GMT
19 http request GET https://registry.npmjs.org/generator-jhipster
20 http 304 https://registry.npmjs.org/generator-jhipster
21 verbose headers { date: 'Wed, 21 Apr 2021 13:24:56 GMT',
21 verbose headers   connection: 'keep-alive',
21 verbose headers   'set-cookie':
21 verbose headers    [ '__cfduid=d32207a1c8d6b6749f75767e05b991cd71619011496; expires=Fri, 21-May-21 13:24:56 GMT; path=/; domain=.npmjs.org; HttpOnly; SameSite=Lax' ],
21 verbose headers   'cf-ray': '6436ef7c3a14da7a-LIS',
21 verbose headers   age: '120',
21 verbose headers   'cache-control': 'public, max-age=300',
21 verbose headers   etag: '"11a448db14d0283443cf50e2711d4a3e"',
21 verbose headers   'last-modified': 'Fri, 02 Apr 2021 14:38:54 GMT',
21 verbose headers   vary: 'Accept-Encoding',
21 verbose headers   'cf-cache-status': 'HIT',
21 verbose headers   'cf-request-id': '099634019f0000da7a5e21a000000001',
21 verbose headers   'expect-ct': 'max-age=604800, report-uri="https://report-uri.cloudflare.com/cdn-cgi/beacon/expect-ct"',
21 verbose headers   server: 'cloudflare' }
22 silly get cb [ 304,
22 silly get   { date: 'Wed, 21 Apr 2021 13:24:56 GMT',
22 silly get     connection: 'keep-alive',
22 silly get     'set-cookie':
22 silly get      [ '__cfduid=d32207a1c8d6b6749f75767e05b991cd71619011496; expires=Fri, 21-May-21 13:24:56 GMT; path=/; domain=.npmjs.org; HttpOnly; SameSite=Lax' ],
22 silly get     'cf-ray': '6436ef7c3a14da7a-LIS',
22 silly get     age: '120',
22 silly get     'cache-control': 'public, max-age=300',
22 silly get     etag: '"11a448db14d0283443cf50e2711d4a3e"',
22 silly get     'last-modified': 'Fri, 02 Apr 2021 14:38:54 GMT',
22 silly get     vary: 'Accept-Encoding',
22 silly get     'cf-cache-status': 'HIT',
22 silly get     'cf-request-id': '099634019f0000da7a5e21a000000001',
22 silly get     'expect-ct': 'max-age=604800, report-uri="https://report-uri.cloudflare.com/cdn-cgi/beacon/expect-ct"',
22 silly get     server: 'cloudflare' } ]
23 verbose etag https://registry.npmjs.org/generator-jhipster from cache
24 verbose get saving generator-jhipster to /root/.npm/registry.npmjs.org/generator-jhipster/.cache.json
25 silly install normalizeTree
26 silly loadCurrentTree Finishing
27 silly loadIdealTree Starting
28 silly install loadIdealTree
29 silly cloneCurrentTree Starting
30 silly install cloneCurrentTreeToIdealTree
31 silly cloneCurrentTree Finishing
32 silly loadShrinkwrap Starting
33 silly install loadShrinkwrap
34 silly loadShrinkwrap Finishing
35 silly loadAllDepsIntoIdealTree Starting
36 silly install loadAllDepsIntoIdealTree
37 silly resolveWithNewModule generator-jhipster@7.0.1 checking installable status
38 silly cache add args [ 'generator-jhipster', null ]
39 verbose cache add spec generator-jhipster
40 silly cache add parsed spec Result {
40 silly cache add   raw: 'generator-jhipster',
40 silly cache add   scope: null,
40 silly cache add   name: 'generator-jhipster',
40 silly cache add   rawSpec: '',
40 silly cache add   spec: 'latest',
40 silly cache add   type: 'tag' }
41 silly addNamed generator-jhipster@latest
42 verbose addNamed "latest" is being treated as a dist-tag for generator-jhipster
43 info addNameTag [ 'generator-jhipster', 'latest' ]
44 silly mapToRegistry name generator-jhipster
45 silly mapToRegistry using default registry
46 silly mapToRegistry registry https://registry.npmjs.org/
47 silly mapToRegistry uri https://registry.npmjs.org/generator-jhipster
48 verbose addNameTag registry:https://registry.npmjs.org/generator-jhipster not in flight; fetching
49 verbose get https://registry.npmjs.org/generator-jhipster not expired, no request
50 silly addNameTag next cb for generator-jhipster with tag latest
51 silly addNamed generator-jhipster@7.0.1
52 verbose addNamed "7.0.1" is a plain semver version for generator-jhipster
53 silly cache afterAdd generator-jhipster@7.0.1
54 verbose afterAdd /root/.npm/generator-jhipster/7.0.1/package/package.json not in flight; writing
55 verbose afterAdd /root/.npm/generator-jhipster/7.0.1/package/package.json written
56 silly fetchNamedPackageData aws-sdk
57 silly mapToRegistry name aws-sdk
58 silly mapToRegistry using default registry
59 silly mapToRegistry registry https://registry.npmjs.org/
60 silly mapToRegistry uri https://registry.npmjs.org/aws-sdk
61 silly fetchNamedPackageData axios
62 silly mapToRegistry name axios
63 silly mapToRegistry using default registry
64 silly mapToRegistry registry https://registry.npmjs.org/
65 silly mapToRegistry uri https://registry.npmjs.org/axios
66 silly fetchNamedPackageData chalk
67 silly mapToRegistry name chalk
68 silly mapToRegistry using default registry
69 silly mapToRegistry registry https://registry.npmjs.org/
70 silly mapToRegistry uri https://registry.npmjs.org/chalk
71 silly fetchNamedPackageData chevrotain
72 silly mapToRegistry name chevrotain
73 silly mapToRegistry using default registry
74 silly mapToRegistry registry https://registry.npmjs.org/
75 silly mapToRegistry uri https://registry.npmjs.org/chevrotain
76 silly fetchNamedPackageData commander
77 silly mapToRegistry name commander
78 silly mapToRegistry using default registry
79 silly mapToRegistry registry https://registry.npmjs.org/
80 silly mapToRegistry uri https://registry.npmjs.org/commander
81 silly fetchNamedPackageData conf
82 silly mapToRegistry name conf
83 silly mapToRegistry using default registry
84 silly mapToRegistry registry https://registry.npmjs.org/
85 silly mapToRegistry uri https://registry.npmjs.org/conf
86 silly fetchNamedPackageData didyoumean
87 silly mapToRegistry name didyoumean
88 silly mapToRegistry using default registry
89 silly mapToRegistry registry https://registry.npmjs.org/
90 silly mapToRegistry uri https://registry.npmjs.org/didyoumean
91 silly fetchNamedPackageData ejs
92 silly mapToRegistry name ejs
93 silly mapToRegistry using default registry
94 silly mapToRegistry registry https://registry.npmjs.org/
95 silly mapToRegistry uri https://registry.npmjs.org/ejs
96 silly fetchNamedPackageData faker
97 silly mapToRegistry name faker
98 silly mapToRegistry using default registry
99 silly mapToRegistry registry https://registry.npmjs.org/
100 silly mapToRegistry uri https://registry.npmjs.org/faker
101 silly fetchNamedPackageData find-up
102 silly mapToRegistry name find-up
103 silly mapToRegistry using default registry
104 silly mapToRegistry registry https://registry.npmjs.org/
105 silly mapToRegistry uri https://registry.npmjs.org/find-up
106 silly fetchNamedPackageData glob
107 silly mapToRegistry name glob
108 silly mapToRegistry using default registry
109 silly mapToRegistry registry https://registry.npmjs.org/
110 silly mapToRegistry uri https://registry.npmjs.org/glob
111 silly fetchNamedPackageData gulp-filter
112 silly mapToRegistry name gulp-filter
113 silly mapToRegistry using default registry
114 silly mapToRegistry registry https://registry.npmjs.org/
115 silly mapToRegistry uri https://registry.npmjs.org/gulp-filter
116 silly fetchNamedPackageData insight
117 silly mapToRegistry name insight
118 silly mapToRegistry using default registry
119 silly mapToRegistry registry https://registry.npmjs.org/
120 silly mapToRegistry uri https://registry.npmjs.org/insight
121 silly fetchNamedPackageData js-yaml
122 silly mapToRegistry name js-yaml
123 silly mapToRegistry using default registry
124 silly mapToRegistry registry https://registry.npmjs.org/
125 silly mapToRegistry uri https://registry.npmjs.org/js-yaml
126 silly fetchNamedPackageData lodash
127 silly mapToRegistry name lodash
128 silly mapToRegistry using default registry
129 silly mapToRegistry registry https://registry.npmjs.org/
130 silly mapToRegistry uri https://registry.npmjs.org/lodash
131 silly fetchNamedPackageData minimatch
132 silly mapToRegistry name minimatch
133 silly mapToRegistry using default registry
134 silly mapToRegistry registry https://registry.npmjs.org/
135 silly mapToRegistry uri https://registry.npmjs.org/minimatch
136 silly fetchNamedPackageData normalize-path
137 silly mapToRegistry name normalize-path
138 silly mapToRegistry using default registry
139 silly mapToRegistry registry https://registry.npmjs.org/
140 silly mapToRegistry uri https://registry.npmjs.org/normalize-path
141 silly fetchNamedPackageData ora
142 silly mapToRegistry name ora
143 silly mapToRegistry using default registry
144 silly mapToRegistry registry https://registry.npmjs.org/
145 silly mapToRegistry uri https://registry.npmjs.org/ora
146 silly fetchNamedPackageData os-locale
147 silly mapToRegistry name os-locale
148 silly mapToRegistry using default registry
149 silly mapToRegistry registry https://registry.npmjs.org/
150 silly mapToRegistry uri https://registry.npmjs.org/os-locale
151 silly fetchNamedPackageData parse-gitignore
152 silly mapToRegistry name parse-gitignore
153 silly mapToRegistry using default registry
154 silly mapToRegistry registry https://registry.npmjs.org/
155 silly mapToRegistry uri https://registry.npmjs.org/parse-gitignore
156 silly fetchNamedPackageData pluralize
157 silly mapToRegistry name pluralize
158 silly mapToRegistry using default registry
159 silly mapToRegistry registry https://registry.npmjs.org/
160 silly mapToRegistry uri https://registry.npmjs.org/pluralize
161 silly fetchNamedPackageData prettier
162 silly mapToRegistry name prettier
163 silly mapToRegistry using default registry
164 silly mapToRegistry registry https://registry.npmjs.org/
165 silly mapToRegistry uri https://registry.npmjs.org/prettier
166 silly fetchNamedPackageData prettier-plugin-java
167 silly mapToRegistry name prettier-plugin-java
168 silly mapToRegistry using default registry
169 silly mapToRegistry registry https://registry.npmjs.org/
170 silly mapToRegistry uri https://registry.npmjs.org/prettier-plugin-java
171 silly fetchNamedPackageData prettier-plugin-packagejson
172 silly mapToRegistry name prettier-plugin-packagejson
173 silly mapToRegistry using default registry
174 silly mapToRegistry registry https://registry.npmjs.org/
175 silly mapToRegistry uri https://registry.npmjs.org/prettier-plugin-packagejson
176 silly fetchNamedPackageData progress
177 silly mapToRegistry name progress
178 silly mapToRegistry using default registry
179 silly mapToRegistry registry https://registry.npmjs.org/
180 silly mapToRegistry uri https://registry.npmjs.org/progress
181 silly fetchNamedPackageData randexp
182 silly mapToRegistry name randexp
183 silly mapToRegistry using default registry
184 silly mapToRegistry registry https://registry.npmjs.org/
185 silly mapToRegistry uri https://registry.npmjs.org/randexp
186 silly fetchNamedPackageData semver
187 silly mapToRegistry name semver
188 silly mapToRegistry using default registry
189 silly mapToRegistry registry https://registry.npmjs.org/
190 silly mapToRegistry uri https://registry.npmjs.org/semver
191 silly fetchNamedPackageData shelljs
192 silly mapToRegistry name shelljs
193 silly mapToRegistry using default registry
194 silly mapToRegistry registry https://registry.npmjs.org/
195 silly mapToRegistry uri https://registry.npmjs.org/shelljs
196 silly fetchNamedPackageData then-request
197 silly mapToRegistry name then-request
198 silly mapToRegistry using default registry
199 silly mapToRegistry registry https://registry.npmjs.org/
200 silly mapToRegistry uri https://registry.npmjs.org/then-request
201 silly fetchNamedPackageData through2
202 silly mapToRegistry name through2
203 silly mapToRegistry using default registry
204 silly mapToRegistry registry https://registry.npmjs.org/
205 silly mapToRegistry uri https://registry.npmjs.org/through2
206 silly fetchNamedPackageData uuid
207 silly mapToRegistry name uuid
208 silly mapToRegistry using default registry
209 silly mapToRegistry registry https://registry.npmjs.org/
210 silly mapToRegistry uri https://registry.npmjs.org/uuid
211 silly fetchNamedPackageData winston
212 silly mapToRegistry name winston
213 silly mapToRegistry using default registry
214 silly mapToRegistry registry https://registry.npmjs.org/
215 silly mapToRegistry uri https://registry.npmjs.org/winston
216 silly fetchNamedPackageData yeoman-environment
217 silly mapToRegistry name yeoman-environment
218 silly mapToRegistry using default registry
219 silly mapToRegistry registry https://registry.npmjs.org/
220 silly mapToRegistry uri https://registry.npmjs.org/yeoman-environment
221 silly fetchNamedPackageData yeoman-generator
222 silly mapToRegistry name yeoman-generator
223 silly mapToRegistry using default registry
224 silly mapToRegistry registry https://registry.npmjs.org/
225 silly mapToRegistry uri https://registry.npmjs.org/yeoman-generator
226 verbose request uri https://registry.npmjs.org/axios
227 verbose request no auth needed
228 info attempt registry request try #1 at 15:24:56
229 verbose etag W/"d226d72bc3a36dbc4168f6e07090d673"
230 verbose lastModified Sun, 28 Mar 2021 02:25:28 GMT
231 http request GET https://registry.npmjs.org/axios
232 verbose request uri https://registry.npmjs.org/chalk
233 verbose request no auth needed
234 info attempt registry request try #1 at 15:24:56
235 verbose etag W/"a2b58f6c1bbdb599757cad7d2381369e"
236 verbose lastModified Wed, 21 Apr 2021 08:54:25 GMT
237 http request GET https://registry.npmjs.org/chalk
238 verbose request uri https://registry.npmjs.org/chevrotain
239 verbose request no auth needed
240 info attempt registry request try #1 at 15:24:56
241 verbose etag W/"7a49ebec5b327dec3969d91e47a1c966"
242 verbose lastModified Mon, 29 Mar 2021 18:04:41 GMT
243 http request GET https://registry.npmjs.org/chevrotain
244 verbose request uri https://registry.npmjs.org/conf
245 verbose request no auth needed
246 info attempt registry request try #1 at 15:24:56
247 verbose etag W/"e0b323ebef9a5add6fc0d4da370a9063"
248 verbose lastModified Wed, 21 Apr 2021 12:27:20 GMT
249 http request GET https://registry.npmjs.org/conf
250 verbose request uri https://registry.npmjs.org/didyoumean
251 verbose request no auth needed
252 info attempt registry request try #1 at 15:24:56
253 verbose etag W/"32dfd9f45ae536b4b0e78f0d4242eee6"
254 verbose lastModified Sat, 26 May 2018 22:06:57 GMT
255 http request GET https://registry.npmjs.org/didyoumean
256 verbose request uri https://registry.npmjs.org/commander
257 verbose request no auth needed
258 info attempt registry request try #1 at 15:24:56
259 verbose etag W/"3abc6a0addb59d19eb88313c9c18f297"
260 verbose lastModified Sun, 21 Mar 2021 21:56:19 GMT
261 http request GET https://registry.npmjs.org/commander
262 verbose request uri https://registry.npmjs.org/ejs
263 verbose request no auth needed
264 info attempt registry request try #1 at 15:24:56
265 verbose etag W/"fa0a9e30838de006b49335fa5ad18110"
266 verbose lastModified Sat, 20 Feb 2021 21:22:31 GMT
267 http request GET https://registry.npmjs.org/ejs
268 verbose request uri https://registry.npmjs.org/faker
269 verbose request no auth needed
270 info attempt registry request try #1 at 15:24:56
271 verbose etag W/"1e685975cd53c3998e1263660073d597"
272 verbose lastModified Thu, 08 Apr 2021 22:14:22 GMT
273 http request GET https://registry.npmjs.org/faker
274 verbose request uri https://registry.npmjs.org/find-up
275 verbose request no auth needed
276 info attempt registry request try #1 at 15:24:56
277 verbose etag W/"7efcc9106bbd81c79b5f5b6a403472de"
278 verbose lastModified Tue, 11 Aug 2020 18:44:29 GMT
279 http request GET https://registry.npmjs.org/find-up
280 verbose request uri https://registry.npmjs.org/gulp-filter
281 verbose request no auth needed
282 info attempt registry request try #1 at 15:24:56
283 verbose etag W/"bb37a5979888a181f486db573cbc972b"
284 verbose lastModified Tue, 28 May 2019 17:50:47 GMT
285 http request GET https://registry.npmjs.org/gulp-filter
286 verbose request uri https://registry.npmjs.org/insight
287 verbose request no auth needed
288 info attempt registry request try #1 at 15:24:56
289 verbose etag W/"bc7665c20d0c03eef824efaca056d06c"
290 verbose lastModified Thu, 13 Aug 2020 18:35:23 GMT
291 http request GET https://registry.npmjs.org/insight
292 verbose request uri https://registry.npmjs.org/glob
293 verbose request no auth needed
294 info attempt registry request try #1 at 15:24:56
295 verbose etag W/"66949bec667c0c12f2723aeee42ff008"
296 verbose lastModified Tue, 12 Jan 2021 23:47:13 GMT
297 http request GET https://registry.npmjs.org/glob
298 verbose request uri https://registry.npmjs.org/js-yaml
299 verbose request no auth needed
300 info attempt registry request try #1 at 15:24:56
301 verbose etag W/"1cab694c282321c99438dd47ed9b9674"
302 verbose lastModified Wed, 14 Apr 2021 21:07:12 GMT
303 http request GET https://registry.npmjs.org/js-yaml
304 verbose request uri https://registry.npmjs.org/minimatch
305 verbose request no auth needed
306 info attempt registry request try #1 at 15:24:56
307 verbose etag W/"74d0b8b38c427aed03f1f23d14bfb863"
308 verbose lastModified Mon, 15 Apr 2019 06:36:47 GMT
309 http request GET https://registry.npmjs.org/minimatch
310 verbose request uri https://registry.npmjs.org/lodash
311 verbose request no auth needed
312 info attempt registry request try #1 at 15:24:56
313 verbose etag W/"11b073ce7d6d3d334e1df8a2d14f902d"
314 verbose lastModified Wed, 21 Apr 2021 04:03:48 GMT
315 http request GET https://registry.npmjs.org/lodash
316 verbose request uri https://registry.npmjs.org/normalize-path
317 verbose request no auth needed
318 info attempt registry request try #1 at 15:24:56
319 verbose etag W/"0a459c763ee9d4916c02d792a226cce9"
320 verbose lastModified Sun, 27 May 2018 10:33:45 GMT
321 http request GET https://registry.npmjs.org/normalize-path
322 verbose request uri https://registry.npmjs.org/os-locale
323 verbose request no auth needed
324 info attempt registry request try #1 at 15:24:56
325 verbose etag W/"8e01b3a351bfb1930d4efe4a8cff37c5"
326 verbose lastModified Sun, 22 Mar 2020 08:21:44 GMT
327 http request GET https://registry.npmjs.org/os-locale
328 verbose request uri https://registry.npmjs.org/ora
329 verbose request no auth needed
330 info attempt registry request try #1 at 15:24:56
331 verbose etag W/"845f7e181b95eeef6afd72b6cf478db6"
332 verbose lastModified Wed, 17 Mar 2021 11:49:24 GMT
333 http request GET https://registry.npmjs.org/ora
334 verbose request uri https://registry.npmjs.org/parse-gitignore
335 verbose request no auth needed
336 info attempt registry request try #1 at 15:24:56
337 verbose etag W/"77dc9722254f4ce2a107b5437bb8e8f4"
338 verbose lastModified Thu, 26 Jul 2018 22:03:14 GMT
339 http request GET https://registry.npmjs.org/parse-gitignore
340 verbose request uri https://registry.npmjs.org/pluralize
341 verbose request no auth needed
342 info attempt registry request try #1 at 15:24:56
343 verbose etag W/"ad7d652cf47687e8c02d7f6de5d5fa68"
344 verbose lastModified Sat, 25 May 2019 05:07:02 GMT
345 http request GET https://registry.npmjs.org/pluralize
346 verbose request uri https://registry.npmjs.org/prettier-plugin-java
347 verbose request no auth needed
348 info attempt registry request try #1 at 15:24:56
349 verbose etag W/"b5830ad1435a57c2b1038f2c1ddca2a1"
350 verbose lastModified Sun, 14 Mar 2021 19:20:14 GMT
351 http request GET https://registry.npmjs.org/prettier-plugin-java
352 verbose request uri https://registry.npmjs.org/prettier-plugin-packagejson
353 verbose request no auth needed
354 info attempt registry request try #1 at 15:24:56
355 verbose etag W/"b18d42352fec60a2bb8aef80789fd97f"
356 verbose lastModified Sat, 20 Feb 2021 06:39:59 GMT
357 http request GET https://registry.npmjs.org/prettier-plugin-packagejson
358 verbose request uri https://registry.npmjs.org/progress
359 verbose request no auth needed
360 info attempt registry request try #1 at 15:24:56
361 verbose etag W/"576319b28ac80b5ca940e1cca732bd4f"
362 verbose lastModified Mon, 15 Apr 2019 08:44:21 GMT
363 http request GET https://registry.npmjs.org/progress
364 verbose request uri https://registry.npmjs.org/prettier
365 verbose request no auth needed
366 info attempt registry request try #1 at 15:24:56
367 verbose etag W/"6a433853cd6c159edcfef487d1f27e16"
368 verbose lastModified Wed, 07 Apr 2021 15:50:26 GMT
369 http request GET https://registry.npmjs.org/prettier
370 verbose request uri https://registry.npmjs.org/randexp
371 verbose request no auth needed
372 info attempt registry request try #1 at 15:24:56
373 verbose etag W/"18634bbed9d3e84cfee585ad9a79184c"
374 verbose lastModified Tue, 08 Jan 2019 05:36:07 GMT
375 http request GET https://registry.npmjs.org/randexp
376 verbose request uri https://registry.npmjs.org/shelljs
377 verbose request no auth needed
378 info attempt registry request try #1 at 15:24:56
379 verbose etag W/"046c40ca199ad035510eac5e72fd73e3"
380 verbose lastModified Fri, 17 Jul 2020 06:22:45 GMT
381 http request GET https://registry.npmjs.org/shelljs
382 verbose request uri https://registry.npmjs.org/through2
383 verbose request no auth needed
384 info attempt registry request try #1 at 15:24:56
385 verbose etag W/"133f61756fcd0fc01f74417bdb202b59"
386 verbose lastModified Tue, 30 Jun 2020 01:24:59 GMT
387 http request GET https://registry.npmjs.org/through2
388 verbose request uri https://registry.npmjs.org/semver
389 verbose request no auth needed
390 info attempt registry request try #1 at 15:24:56
391 verbose etag W/"1fd64b847ba491e7fa88e197b0a86c6a"
392 verbose lastModified Tue, 06 Apr 2021 20:13:18 GMT
393 http request GET https://registry.npmjs.org/semver
394 verbose request uri https://registry.npmjs.org/winston
395 verbose request no auth needed
396 info attempt registry request try #1 at 15:24:56
397 verbose etag W/"b573c1bb638b94fa77cdb6e122da489e"
398 verbose lastModified Tue, 23 Jun 2020 22:31:29 GMT
399 http request GET https://registry.npmjs.org/winston
400 verbose request uri https://registry.npmjs.org/yeoman-environment
401 verbose request no auth needed
402 info attempt registry request try #1 at 15:24:56
403 verbose etag W/"e40ba2ef748416d70bb1e7feea4d4a0b"
404 verbose lastModified Sat, 13 Mar 2021 14:00:00 GMT
405 http request GET https://registry.npmjs.org/yeoman-environment
406 verbose request uri https://registry.npmjs.org/yeoman-generator
407 verbose request no auth needed
408 info attempt registry request try #1 at 15:24:56
409 verbose etag W/"3362eb630c4373d5ccfc0be17c5dd47e"
410 verbose lastModified Sat, 13 Mar 2021 14:35:15 GMT
411 http request GET https://registry.npmjs.org/yeoman-generator
412 verbose request uri https://registry.npmjs.org/uuid
413 verbose request no auth needed
414 info attempt registry request try #1 at 15:24:56
415 verbose etag W/"679587e29745a819dcc8021d0cd73d4a"
416 verbose lastModified Tue, 08 Dec 2020 20:38:40 GMT
417 http request GET https://registry.npmjs.org/uuid
418 verbose request uri https://registry.npmjs.org/aws-sdk
419 verbose request no auth needed
420 info attempt registry request try #1 at 15:24:56
421 verbose etag W/"17a1ff044eab63df132926f1fcd14462"
422 verbose lastModified Mon, 19 Apr 2021 18:23:02 GMT
423 http request GET https://registry.npmjs.org/aws-sdk
424 verbose request uri https://registry.npmjs.org/then-request
425 verbose request no auth needed
426 info attempt registry request try #1 at 15:24:56
427 verbose etag W/"cd4e29905fe85e2b412ce2011c1976f1"
428 verbose lastModified Wed, 20 Mar 2019 06:08:15 GMT
429 http request GET https://registry.npmjs.org/then-request
430 http 304 https://registry.npmjs.org/axios
431 verbose headers { date: 'Wed, 21 Apr 2021 13:24:56 GMT',
431 verbose headers   connection: 'keep-alive',
431 verbose headers   'set-cookie':
431 verbose headers    [ '__cfduid=d32207a1c8d6b6749f75767e05b991cd71619011496; expires=Fri, 21-May-21 13:24:56 GMT; path=/; domain=.npmjs.org; HttpOnly; SameSite=Lax' ],
431 verbose headers   'cf-ray': '6436ef7effb2da7a-LIS',
431 verbose headers   age: '640',
431 verbose headers   'cache-control': 'public, max-age=300',
431 verbose headers   etag: '"d226d72bc3a36dbc4168f6e07090d673"',
431 verbose headers   'last-modified': 'Sun, 28 Mar 2021 02:25:28 GMT',
431 verbose headers   vary: 'Accept-Encoding',
431 verbose headers   'cf-cache-status': 'HIT',
431 verbose headers   'cf-request-id': '099634035f0000da7ae9bda000000001',
431 verbose headers   'expect-ct': 'max-age=604800, report-uri="https://report-uri.cloudflare.com/cdn-cgi/beacon/expect-ct"',
431 verbose headers   server: 'cloudflare' }
432 silly get cb [ 304,
432 silly get   { date: 'Wed, 21 Apr 2021 13:24:56 GMT',
432 silly get     connection: 'keep-alive',
432 silly get     'set-cookie':
432 silly get      [ '__cfduid=d32207a1c8d6b6749f75767e05b991cd71619011496; expires=Fri, 21-May-21 13:24:56 GMT; path=/; domain=.npmjs.org; HttpOnly; SameSite=Lax' ],
432 silly get     'cf-ray': '6436ef7effb2da7a-LIS',
432 silly get     age: '640',
432 silly get     'cache-control': 'public, max-age=300',
432 silly get     etag: '"d226d72bc3a36dbc4168f6e07090d673"',
432 silly get     'last-modified': 'Sun, 28 Mar 2021 02:25:28 GMT',
432 silly get     vary: 'Accept-Encoding',
432 silly get     'cf-cache-status': 'HIT',
432 silly get     'cf-request-id': '099634035f0000da7ae9bda000000001',
432 silly get     'expect-ct': 'max-age=604800, report-uri="https://report-uri.cloudflare.com/cdn-cgi/beacon/expect-ct"',
432 silly get     server: 'cloudflare' } ]
433 verbose etag https://registry.npmjs.org/axios from cache
434 verbose get saving axios to /root/.npm/registry.npmjs.org/axios/.cache.json
435 silly resolveWithNewModule axios@0.21.1 checking installable status
436 silly cache add args [ 'axios@0.21.1', null ]
437 verbose cache add spec axios@0.21.1
438 silly cache add parsed spec Result {
438 silly cache add   raw: 'axios@0.21.1',
438 silly cache add   scope: null,
438 silly cache add   name: 'axios',
438 silly cache add   rawSpec: '0.21.1',
438 silly cache add   spec: '0.21.1',
438 silly cache add   type: 'version' }
439 silly addNamed axios@0.21.1
440 verbose addNamed "0.21.1" is a plain semver version for axios
441 silly mapToRegistry name axios
442 silly mapToRegistry using default registry
443 silly mapToRegistry registry https://registry.npmjs.org/
444 silly mapToRegistry uri https://registry.npmjs.org/axios
445 verbose addNameVersion registry:https://registry.npmjs.org/axios not in flight; fetching
446 verbose get https://registry.npmjs.org/axios not expired, no request
447 silly cache afterAdd axios@0.21.1
448 verbose afterAdd /root/.npm/axios/0.21.1/package/package.json not in flight; writing
449 verbose afterAdd /root/.npm/axios/0.21.1/package/package.json written
450 http 304 https://registry.npmjs.org/chalk
451 verbose headers { date: 'Wed, 21 Apr 2021 13:24:57 GMT',
451 verbose headers   connection: 'keep-alive',
451 verbose headers   'set-cookie':
451 verbose headers    [ '__cfduid=d71fa9e3c63f285510c78d3686f33ceed1619011497; expires=Fri, 21-May-21 13:24:57 GMT; path=/; domain=.npmjs.org; HttpOnly; SameSite=Lax' ],
451 verbose headers   'cf-ray': '6436ef808fd65d2f-LIS',
451 verbose headers   age: '913',
451 verbose headers   'cache-control': 'public, max-age=300',
451 verbose headers   etag: '"a2b58f6c1bbdb599757cad7d2381369e"',
451 verbose headers   'last-modified': 'Wed, 21 Apr 2021 08:54:25 GMT',
451 verbose headers   vary: 'Accept-Encoding',
451 verbose headers   'cf-cache-status': 'HIT',
451 verbose headers   'cf-request-id': '099634045900005d2f7499f000000001',
451 verbose headers   'expect-ct': 'max-age=604800, report-uri="https://report-uri.cloudflare.com/cdn-cgi/beacon/expect-ct"',
451 verbose headers   server: 'cloudflare' }
452 silly get cb [ 304,
452 silly get   { date: 'Wed, 21 Apr 2021 13:24:57 GMT',
452 silly get     connection: 'keep-alive',
452 silly get     'set-cookie':
452 silly get      [ '__cfduid=d71fa9e3c63f285510c78d3686f33ceed1619011497; expires=Fri, 21-May-21 13:24:57 GMT; path=/; domain=.npmjs.org; HttpOnly; SameSite=Lax' ],
452 silly get     'cf-ray': '6436ef808fd65d2f-LIS',
452 silly get     age: '913',
452 silly get     'cache-control': 'public, max-age=300',
452 silly get     etag: '"a2b58f6c1bbdb599757cad7d2381369e"',
452 silly get     'last-modified': 'Wed, 21 Apr 2021 08:54:25 GMT',
452 silly get     vary: 'Accept-Encoding',
452 silly get     'cf-cache-status': 'HIT',
452 silly get     'cf-request-id': '099634045900005d2f7499f000000001',
452 silly get     'expect-ct': 'max-age=604800, report-uri="https://report-uri.cloudflare.com/cdn-cgi/beacon/expect-ct"',
452 silly get     server: 'cloudflare' } ]
453 verbose etag https://registry.npmjs.org/chalk from cache
454 verbose get saving chalk to /root/.npm/registry.npmjs.org/chalk/.cache.json
455 http 304 https://registry.npmjs.org/chevrotain
456 verbose headers { date: 'Wed, 21 Apr 2021 13:24:57 GMT',
456 verbose headers   connection: 'keep-alive',
456 verbose headers   'set-cookie':
456 verbose headers    [ '__cfduid=d18915784a72c0b9e1c2dbfad850037d81619011497; expires=Fri, 21-May-21 13:24:57 GMT; path=/; domain=.npmjs.org; HttpOnly; SameSite=Lax' ],
456 verbose headers   'cf-ray': '6436ef808ba95d3b-LIS',
456 verbose headers   age: '119',
456 verbose headers   'cache-control': 'public, max-age=300',
456 verbose headers   etag: '"7a49ebec5b327dec3969d91e47a1c966"',
456 verbose headers   'last-modified': 'Mon, 29 Mar 2021 18:04:41 GMT',
456 verbose headers   vary: 'Accept-Encoding',
456 verbose headers   'cf-cache-status': 'HIT',
456 verbose headers   'cf-request-id': '099634045300005d3bd2240000000001',
456 verbose headers   'expect-ct': 'max-age=604800, report-uri="https://report-uri.cloudflare.com/cdn-cgi/beacon/expect-ct"',
456 verbose headers   server: 'cloudflare' }
457 silly get cb [ 304,
457 silly get   { date: 'Wed, 21 Apr 2021 13:24:57 GMT',
457 silly get     connection: 'keep-alive',
457 silly get     'set-cookie':
457 silly get      [ '__cfduid=d18915784a72c0b9e1c2dbfad850037d81619011497; expires=Fri, 21-May-21 13:24:57 GMT; path=/; domain=.npmjs.org; HttpOnly; SameSite=Lax' ],
457 silly get     'cf-ray': '6436ef808ba95d3b-LIS',
457 silly get     age: '119',
457 silly get     'cache-control': 'public, max-age=300',
457 silly get     etag: '"7a49ebec5b327dec3969d91e47a1c966"',
457 silly get     'last-modified': 'Mon, 29 Mar 2021 18:04:41 GMT',
457 silly get     vary: 'Accept-Encoding',
457 silly get     'cf-cache-status': 'HIT',
457 silly get     'cf-request-id': '099634045300005d3bd2240000000001',
457 silly get     'expect-ct': 'max-age=604800, report-uri="https://report-uri.cloudflare.com/cdn-cgi/beacon/expect-ct"',
457 silly get     server: 'cloudflare' } ]
458 verbose etag https://registry.npmjs.org/chevrotain from cache
459 verbose get saving chevrotain to /root/.npm/registry.npmjs.org/chevrotain/.cache.json
460 http 304 https://registry.npmjs.org/commander
461 verbose headers { date: 'Wed, 21 Apr 2021 13:24:57 GMT',
461 verbose headers   connection: 'keep-alive',
461 verbose headers   'set-cookie':
461 verbose headers    [ '__cfduid=dc4ebee0cdcefa1c59ad9393f0fc402fe1619011497; expires=Fri, 21-May-21 13:24:57 GMT; path=/; domain=.npmjs.org; HttpOnly; SameSite=Lax' ],
461 verbose headers   'cf-ray': '6436ef808aff5d4b-LIS',
461 verbose headers   age: '1675',
461 verbose headers   'cache-control': 'public, max-age=300',
461 verbose headers   etag: '"3abc6a0addb59d19eb88313c9c18f297"',
461 verbose headers   'last-modified': 'Sun, 21 Mar 2021 21:56:19 GMT',
461 verbose headers   vary: 'Accept-Encoding',
461 verbose headers   'cf-cache-status': 'HIT',
461 verbose headers   'cf-request-id': '099634045600005d4bf580f000000001',
461 verbose headers   'expect-ct': 'max-age=604800, report-uri="https://report-uri.cloudflare.com/cdn-cgi/beacon/expect-ct"',
461 verbose headers   server: 'cloudflare' }
462 silly get cb [ 304,
462 silly get   { date: 'Wed, 21 Apr 2021 13:24:57 GMT',
462 silly get     connection: 'keep-alive',
462 silly get     'set-cookie':
462 silly get      [ '__cfduid=dc4ebee0cdcefa1c59ad9393f0fc402fe1619011497; expires=Fri, 21-May-21 13:24:57 GMT; path=/; domain=.npmjs.org; HttpOnly; SameSite=Lax' ],
462 silly get     'cf-ray': '6436ef808aff5d4b-LIS',
462 silly get     age: '1675',
462 silly get     'cache-control': 'public, max-age=300',
462 silly get     etag: '"3abc6a0addb59d19eb88313c9c18f297"',
462 silly get     'last-modified': 'Sun, 21 Mar 2021 21:56:19 GMT',
462 silly get     vary: 'Accept-Encoding',
462 silly get     'cf-cache-status': 'HIT',
462 silly get     'cf-request-id': '099634045600005d4bf580f000000001',
462 silly get     'expect-ct': 'max-age=604800, report-uri="https://report-uri.cloudflare.com/cdn-cgi/beacon/expect-ct"',
462 silly get     server: 'cloudflare' } ]
463 verbose etag https://registry.npmjs.org/commander from cache
464 verbose get saving commander to /root/.npm/registry.npmjs.org/commander/.cache.json
465 http 304 https://registry.npmjs.org/didyoumean
466 verbose headers { date: 'Wed, 21 Apr 2021 13:24:57 GMT',
466 verbose headers   connection: 'keep-alive',
466 verbose headers   'set-cookie':
466 verbose headers    [ '__cfduid=d2ecda0dc386b94317b630205795622941619011497; expires=Fri, 21-May-21 13:24:57 GMT; path=/; domain=.npmjs.org; HttpOnly; SameSite=Lax' ],
466 verbose headers   'cf-ray': '6436ef808b535d23-LIS',
466 verbose headers   age: '4151',
466 verbose headers   'cache-control': 'public, max-age=300',
466 verbose headers   etag: '"32dfd9f45ae536b4b0e78f0d4242eee6"',
466 verbose headers   'last-modified': 'Sat, 26 May 2018 22:06:57 GMT',
466 verbose headers   vary: 'Accept-Encoding',
466 verbose headers   'cf-cache-status': 'HIT',
466 verbose headers   'cf-request-id': '099634045600005d237ab38000000001',
466 verbose headers   'expect-ct': 'max-age=604800, report-uri="https://report-uri.cloudflare.com/cdn-cgi/beacon/expect-ct"',
466 verbose headers   server: 'cloudflare' }
467 silly get cb [ 304,
467 silly get   { date: 'Wed, 21 Apr 2021 13:24:57 GMT',
467 silly get     connection: 'keep-alive',
467 silly get     'set-cookie':
467 silly get      [ '__cfduid=d2ecda0dc386b94317b630205795622941619011497; expires=Fri, 21-May-21 13:24:57 GMT; path=/; domain=.npmjs.org; HttpOnly; SameSite=Lax' ],
467 silly get     'cf-ray': '6436ef808b535d23-LIS',
467 silly get     age: '4151',
467 silly get     'cache-control': 'public, max-age=300',
467 silly get     etag: '"32dfd9f45ae536b4b0e78f0d4242eee6"',
467 silly get     'last-modified': 'Sat, 26 May 2018 22:06:57 GMT',
467 silly get     vary: 'Accept-Encoding',
467 silly get     'cf-cache-status': 'HIT',
467 silly get     'cf-request-id': '099634045600005d237ab38000000001',
467 silly get     'expect-ct': 'max-age=604800, report-uri="https://report-uri.cloudflare.com/cdn-cgi/beacon/expect-ct"',
467 silly get     server: 'cloudflare' } ]
468 verbose etag https://registry.npmjs.org/didyoumean from cache
469 verbose get saving didyoumean to /root/.npm/registry.npmjs.org/didyoumean/.cache.json
470 silly resolveWithNewModule chalk@4.1.0 checking installable status
471 silly cache add args [ 'chalk@4.1.0', null ]
472 verbose cache add spec chalk@4.1.0
473 silly cache add parsed spec Result {
473 silly cache add   raw: 'chalk@4.1.0',
473 silly cache add   scope: null,
473 silly cache add   name: 'chalk',
473 silly cache add   rawSpec: '4.1.0',
473 silly cache add   spec: '4.1.0',
473 silly cache add   type: 'version' }
474 silly addNamed chalk@4.1.0
475 verbose addNamed "4.1.0" is a plain semver version for chalk
476 silly mapToRegistry name chalk
477 silly mapToRegistry using default registry
478 silly mapToRegistry registry https://registry.npmjs.org/
479 silly mapToRegistry uri https://registry.npmjs.org/chalk
480 verbose addNameVersion registry:https://registry.npmjs.org/chalk not in flight; fetching
481 silly resolveWithNewModule didyoumean@1.2.1 checking installable status
482 silly cache add args [ 'didyoumean@1.2.1', null ]
483 verbose cache add spec didyoumean@1.2.1
484 silly cache add parsed spec Result {
484 silly cache add   raw: 'didyoumean@1.2.1',
484 silly cache add   scope: null,
484 silly cache add   name: 'didyoumean',
484 silly cache add   rawSpec: '1.2.1',
484 silly cache add   spec: '1.2.1',
484 silly cache add   type: 'version' }
485 silly addNamed didyoumean@1.2.1
486 verbose addNamed "1.2.1" is a plain semver version for didyoumean
487 silly mapToRegistry name didyoumean
488 silly mapToRegistry using default registry
489 silly mapToRegistry registry https://registry.npmjs.org/
490 silly mapToRegistry uri https://registry.npmjs.org/didyoumean
491 verbose addNameVersion registry:https://registry.npmjs.org/didyoumean not in flight; fetching
492 silly resolveWithNewModule chevrotain@9.0.1 checking installable status
493 silly cache add args [ 'chevrotain@9.0.1', null ]
494 verbose cache add spec chevrotain@9.0.1
495 silly cache add parsed spec Result {
495 silly cache add   raw: 'chevrotain@9.0.1',
495 silly cache add   scope: null,
495 silly cache add   name: 'chevrotain',
495 silly cache add   rawSpec: '9.0.1',
495 silly cache add   spec: '9.0.1',
495 silly cache add   type: 'version' }
496 silly addNamed chevrotain@9.0.1
497 verbose addNamed "9.0.1" is a plain semver version for chevrotain
498 silly mapToRegistry name chevrotain
499 silly mapToRegistry using default registry
500 silly mapToRegistry registry https://registry.npmjs.org/
501 silly mapToRegistry uri https://registry.npmjs.org/chevrotain
502 verbose addNameVersion registry:https://registry.npmjs.org/chevrotain not in flight; fetching
503 verbose stack Error: Missing required argument #1
503 verbose stack     at andLogAndFinish (/usr/share/npm/lib/fetch-package-metadata.js:31:3)
503 verbose stack     at fetchPackageMetadata (/usr/share/npm/lib/fetch-package-metadata.js:51:22)
503 verbose stack     at resolveWithNewModule (/usr/share/npm/lib/install/deps.js:456:12)
503 verbose stack     at /usr/share/npm/lib/install/deps.js:457:7
503 verbose stack     at /usr/share/npm/node_modules/iferr/index.js:13:50
503 verbose stack     at /usr/share/npm/lib/fetch-package-metadata.js:37:12
503 verbose stack     at addRequestedAndFinish (/usr/share/npm/lib/fetch-package-metadata.js:82:5)
503 verbose stack     at returnAndAddMetadata (/usr/share/npm/lib/fetch-package-metadata.js:117:7)
503 verbose stack     at pickVersionFromRegistryDocument (/usr/share/npm/lib/fetch-package-metadata.js:134:20)
503 verbose stack     at /usr/share/npm/node_modules/iferr/index.js:13:50
504 verbose cwd /root
505 error Linux 5.0.0-23-generic
506 error argv "/usr/bin/node" "/usr/bin/npm" "install" "-g" "generator-jhipster"
507 error node v8.10.0
508 error npm  v3.5.2
509 error code EMISSINGARG
510 error typeerror Error: Missing required argument #1
510 error typeerror     at andLogAndFinish (/usr/share/npm/lib/fetch-package-metadata.js:31:3)
510 error typeerror     at fetchPackageMetadata (/usr/share/npm/lib/fetch-package-metadata.js:51:22)
510 error typeerror     at resolveWithNewModule (/usr/share/npm/lib/install/deps.js:456:12)
510 error typeerror     at /usr/share/npm/lib/install/deps.js:457:7
510 error typeerror     at /usr/share/npm/node_modules/iferr/index.js:13:50
510 error typeerror     at /usr/share/npm/lib/fetch-package-metadata.js:37:12
510 error typeerror     at addRequestedAndFinish (/usr/share/npm/lib/fetch-package-metadata.js:82:5)
510 error typeerror     at returnAndAddMetadata (/usr/share/npm/lib/fetch-package-metadata.js:117:7)
510 error typeerror     at pickVersionFromRegistryDocument (/usr/share/npm/lib/fetch-package-metadata.js:134:20)
510 error typeerror     at /usr/share/npm/node_modules/iferr/index.js:13:50
511 error typeerror This is an error with npm itself. Please report this error at:
511 error typeerror     <http://github.com/npm/npm/issues>
512 verbose exit [ 1, true ]
